\BOOKMARK [0][-]{chapter*.2}{Abstract}{}
\BOOKMARK [0][-]{section*.13}{Contents}{}
\BOOKMARK [0][-]{section*.18}{List of Tables}{}
\BOOKMARK [0][-]{section*.20}{List of Figures}{}
\BOOKMARK [0][-]{chapter*.22}{List of Acronyms}{}
\BOOKMARK [0][-]{chapter.1}{Introduction}{}
\BOOKMARK [1][-]{section.1.1}{Overview}{chapter.1}
\BOOKMARK [1][-]{section.1.2}{Thesis Context}{chapter.1}
\BOOKMARK [1][-]{section.1.3}{Thesis Contributions}{chapter.1}
\BOOKMARK [1][-]{section.1.4}{Thesis Structure}{chapter.1}
\BOOKMARK [1][-]{section.1.5}{The EARTH Project}{chapter.1}
\BOOKMARK [0][-]{chapter.2}{Motivation and Background}{}
\BOOKMARK [1][-]{section.2.1}{Overview}{chapter.2}
\BOOKMARK [1][-]{section.2.2}{Energy Efficient Base Stations}{chapter.2}
\BOOKMARK [1][-]{section.2.3}{Quantifying Energy Efficiency}{chapter.2}
\BOOKMARK [1][-]{section.2.4}{Green Radio in Literature}{chapter.2}
\BOOKMARK [1][-]{section.2.5}{Technical Background}{chapter.2}
\BOOKMARK [2][-]{subsection.2.5.1}{LTE}{section.2.5}
\BOOKMARK [2][-]{subsection.2.5.2}{Multi-carrier Technology}{section.2.5}
\BOOKMARK [2][-]{subsection.2.5.3}{Multiple Antenna Technology}{section.2.5}
\BOOKMARK [2][-]{subsection.2.5.4}{Convex Optimization}{section.2.5}
\BOOKMARK [2][-]{subsection.2.5.5}{Network Simulation}{section.2.5}
\BOOKMARK [1][-]{section.2.6}{Summary}{chapter.2}
\BOOKMARK [0][-]{chapter.3}{Power Saving on the Device Level}{}
\BOOKMARK [1][-]{section.3.1}{Overview}{chapter.3}
\BOOKMARK [1][-]{section.3.2}{Challenges in Power Modeling}{chapter.3}
\BOOKMARK [1][-]{section.3.3}{Existing Power Models}{chapter.3}
\BOOKMARK [1][-]{section.3.4}{The Component Power Model}{chapter.3}
\BOOKMARK [2][-]{subsection.3.4.1}{Remarks}{section.3.4}
\BOOKMARK [2][-]{subsection.3.4.2}{The Components of a BS}{section.3.4}
\BOOKMARK [2][-]{subsection.3.4.3}{BS Power Consumption}{section.3.4}
\BOOKMARK [1][-]{section.3.5}{The Parameterized Power Model}{chapter.3}
\BOOKMARK [1][-]{section.3.6}{The Affine Power Model}{chapter.3}
\BOOKMARK [1][-]{section.3.7}{Summary}{chapter.3}
\BOOKMARK [0][-]{chapter.4}{Power Saving on the Cell Level}{}
\BOOKMARK [1][-]{section.4.1}{Overview}{chapter.4}
\BOOKMARK [1][-]{section.4.2}{Power-saving RRM in Literature}{chapter.4}
\BOOKMARK [1][-]{section.4.3}{PC and TDMA}{chapter.4}
\BOOKMARK [1][-]{section.4.4}{PRAIS}{chapter.4}
\BOOKMARK [1][-]{section.4.5}{Resource allocation using Antenna adaptation, Power control and Sleep modes \(RAPS\)}{chapter.4}
\BOOKMARK [2][-]{subsection.4.5.1}{Problem Formulation}{section.4.5}
\BOOKMARK [2][-]{subsection.4.5.2}{Step 1: AA, DTX and Resource Allocation}{section.4.5}
\BOOKMARK [2][-]{subsection.4.5.3}{Step 2: Subcarrier and Power Allocation}{section.4.5}
\BOOKMARK [2][-]{subsection.4.5.4}{Results}{section.4.5}
\BOOKMARK [1][-]{section.4.6}{Summary}{chapter.4}
\BOOKMARK [0][-]{chapter.5}{Power Saving on the Network Level}{}
\BOOKMARK [1][-]{section.5.1}{Overview}{chapter.5}
\BOOKMARK [1][-]{section.5.2}{Channel Allocation in Literature}{chapter.5}
\BOOKMARK [1][-]{section.5.3}{System Model and Problem Formulation}{chapter.5}
\BOOKMARK [1][-]{section.5.4}{DTX Alignment Strategies}{chapter.5}
\BOOKMARK [2][-]{subsection.5.4.1}{Sequential Alignment}{section.5.4}
\BOOKMARK [2][-]{subsection.5.4.2}{Random Alignment}{section.5.4}
\BOOKMARK [2][-]{subsection.5.4.3}{P-persistent Ranking}{section.5.4}
\BOOKMARK [2][-]{subsection.5.4.4}{Distributed DTX Alignment with Memory}{section.5.4}
\BOOKMARK [1][-]{section.5.5}{Results}{chapter.5}
\BOOKMARK [1][-]{section.5.6}{Summary}{chapter.5}
\BOOKMARK [0][-]{chapter.6}{Conclusions, Limitations and Future Work}{}
\BOOKMARK [1][-]{section.6.1}{Summary and Conclusions}{chapter.6}
\BOOKMARK [1][-]{section.6.2}{Limitations and Future Work}{chapter.6}
\BOOKMARK [0][-]{section*.213}{Appendices}{}
\BOOKMARK [0][-]{Appendix.a.A}{Appendix}{}
\BOOKMARK [1][-]{section.a.A.1}{Proof of Convexity for Problem \(4.11\)}{Appendix.a.A}
\BOOKMARK [1][-]{section.a.A.2}{Proof of Convexity for Problem \(4.14\)}{Appendix.a.A}
\BOOKMARK [1][-]{section.a.A.3}{Margin-adaptive Resource Allocation}{Appendix.a.A}
\BOOKMARK [0][-]{Appendix.a.B}{List of Publications}{}
\BOOKMARK [1][-]{section.a.B.1}{Published}{Appendix.a.B}
\BOOKMARK [1][-]{section.a.B.2}{Accepted}{Appendix.a.B}
\BOOKMARK [1][-]{section.a.B.3}{Submitted}{Appendix.a.B}
\BOOKMARK [1][-]{section.a.B.4}{Project Reports}{Appendix.a.B}
\BOOKMARK [1][-]{section.a.B.5}{Contributions}{Appendix.a.B}
\BOOKMARK [0][-]{Appendix.a.C}{Attached Publications}{}
\BOOKMARK [0][-]{section*.217}{Publications}{}
\BOOKMARK [0][-]{section*.219}{Literature References}{}
